<?xml version="1.0" encoding="UTF-8"?>
<testng-results ignored="0" total="1" passed="1" failed="0" skipped="0">
  <reporter-output>
  </reporter-output>
  <suite started-at="2022-12-21T22:27:34 IST" name="Default suite" finished-at="2022-12-21T22:27:52 IST" duration-ms="18262">
    <groups>
    </groups>
    <test started-at="2022-12-21T22:27:34 IST" name="Default test" finished-at="2022-12-21T22:27:52 IST" duration-ms="18262">
      <class name="com.jenkins.shadow">
        <test-method signature="testShawdow()[pri:0, instance:com.jenkins.shadow@581ac8a8]" started-at="2022-12-21T22:27:34 IST" name="testShawdow" finished-at="2022-12-21T22:27:52 IST" duration-ms="18195" status="PASS">
          <reporter-output>
          </reporter-output>
        </test-method> <!-- testShawdow -->
      </class> <!-- com.jenkins.shadow -->
    </test> <!-- Default test -->
  </suite> <!-- Default suite -->
</testng-results>
